<?xml version="1.0" encoding="UTF-8"?>
<!-- Generated by org.testng.reporters.JUnitReportReporter -->
<testsuite hostname="DESKTOP-JHF2A3L" failures="0" tests="1" name="TestDAGFiles" time="14.038" errors="0" timestamp="2022-01-04T20:41:10 SGT" skipped="0">
  <testcase classname="TestDAGFiles" name="Test_2" time="14.038"/>
  <system-out>
    <![CDATA[Test 2 - Test unsuccessfully Uploading DAG file.
The login form submitted.
Unsuccessful Upload DAG File screenshot created.]]>
  </system-out>
</testsuite> <!-- TestDAGFiles -->
