<?xml version="1.0" encoding="UTF-8"?>
<!-- Generated by org.testng.reporters.JUnitReportReporter -->
<testsuite hostname="DESKTOP-JHF2A3L" failures="0" tests="2" name="TestLoginLogout" time="29.260" errors="0" timestamp="2022-01-04T20:41:10 SGT" skipped="0">
  <testcase classname="TestLoginLogout" name="Test_2" time="11.534"/>
  <system-out>
    <![CDATA[Test 2 - Test unsuccessful login.
The login form submitted.
Failed login screenshot created.]]>
  </system-out>
  <testcase classname="TestLoginLogout" name="Test_1" time="17.726"/>
  <system-out>
    <![CDATA[Test 1 - Test successful login and logout.
The login form submitted.
Main page is shown up.
Main page screenshot created.
Login page screenshot created.]]>
  </system-out>
</testsuite> <!-- TestLoginLogout -->
