<?xml version="1.0" encoding="UTF-8"?>
<!-- Generated by org.testng.reporters.JUnitReportReporter -->
<testsuite hostname="DESKTOP-JHF2A3L" failures="0" tests="3" name="TestCases" time="45.103" errors="0" timestamp="2021-12-14T19:49:34 SGT" skipped="0">
  <testcase classname="TestCases" name="Test_4" time="17.296"/>
  <system-out>
    <![CDATA[Test 4 - Test unsuccessfully Uploading DAG file.
The login form submitted.
Unsuccessful Upload DAG File screenshot created.]]>
  </system-out>
  <testcase classname="TestCases" name="Test_2" time="11.734"/>
  <system-out>
    <![CDATA[Test 2 - Test unsuccessful login.
The login form submitted.
Failed login screenshot created.]]>
  </system-out>
  <testcase classname="TestCases" name="Test_1" time="16.073"/>
  <system-out>
    <![CDATA[Test 1 - Test successful login and logout.
The login form submitted.
Main page is shown up.
Main page screenshot created.
Login page screenshot created.]]>
  </system-out>
</testsuite> <!-- TestCases -->
