<?xml version="1.0" encoding="UTF-8"?>
<!-- Generated by org.testng.reporters.JUnitReportReporter -->
<testsuite hostname="DESKTOP-JHF2A3L" failures="0" tests="2" name="TestAirFlow" time="32.227" errors="0" timestamp="2022-03-28T19:29:28 SGT" skipped="0">
  <testcase classname="TestAirFlow" name="Test_2" time="12.194"/>
  <system-out>
    <![CDATA[Test 2 - Test unsuccessful login.
The login form submitted.
'Invalid username or password.' displayed.
The login is unsuccessful.
Failed login screenshot created.]]>
  </system-out>
  <testcase classname="TestAirFlow" name="Test_1" time="20.033"/>
  <system-out>
    <![CDATA[Test 1 - Test successful login and logout.
The login form submitted.
The login succeeded.
The Airflow main page screenshot created.
The logout succeeded.
The Airflow login page screenshot created.]]>
  </system-out>
</testsuite> <!-- TestAirFlow -->
