<?xml version="1.0" encoding="UTF-8"?>
<!-- Generated by org.testng.reporters.JUnitReportReporter -->
<testsuite hostname="DESKTOP-JHF2A3L" failures="0" tests="2" name="TestToAdd" time="0.002" errors="0" timestamp="2022-01-04T20:41:10 SGT" skipped="0">
  <testcase classname="TestToAdd" name="Test1" time="0.001"/>
  <system-out/>
  <testcase classname="TestToAdd" name="Test2" time="0.001"/>
  <system-out/>
</testsuite> <!-- TestToAdd -->
