<?xml version="1.0" encoding="UTF-8"?>
<!-- Generated by org.testng.reporters.JUnitReportReporter -->
<testsuite hostname="DESKTOP-JHF2A3L" failures="0" tests="1" name="TestClass3" time="0.001" errors="0" timestamp="2022-01-04T20:23:41 SGT" skipped="0">
  <testcase classname="TestClass3" name="TestClass3_Test1" time="0.001"/>
  <system-out/>
</testsuite> <!-- TestClass3 -->
