<?xml version="1.0" encoding="UTF-8"?>
<!-- Generated by org.testng.reporters.JUnitReportReporter -->
<testsuite hostname="DESKTOP-JHF2A3L" failures="0" tests="3" name="TestMLFlow" time="67.334" errors="0" timestamp="2022-03-14T20:49:46 SGT" skipped="0">
  <testcase classname="TestMLFlow" name="Test_4" time="21.515"/>
  <system-out>
    <![CDATA[Test 4 - Test Delete an experiment.
 'Del Icon' clicked.
Delete button clicked.
To assert experiment file name is deleted.
The experiment Test1647262118811-NewName deleted.
MLFlow main page screenshot created.]]>
  </system-out>
  <testcase classname="TestMLFlow" name="Test_3" time="22.981"/>
  <system-out>
    <![CDATA[Test 3 - Test Rename an experiment.
 'Ren Icon' clicked.
New name entered.
Save button clicked.
To assert experiment file name is displayed.
File name Test1647262118811-NewName is displayed.
MLFlow main page screenshot created.]]>
  </system-out>
  <testcase classname="TestMLFlow" name="Test_1" time="22.838"/>
  <system-out>
    <![CDATA[Test 1 - Test successful creation of experiment.
 '+' clicked.
File name entered
'Create' clicked.
To assert experiment file name is displayed.
File name Test1647262118811 is displayed.
MLFlow main page screenshot created.]]>
  </system-out>
</testsuite> <!-- TestMLFlow -->
